"gcc -I. -I/usr/local/lib/ruby/1.8/i686-linux -I.  -g -O2   -c conftest.c"
checked program was:
/* begin */
1: /*top*/
2: #ifndef __GNUC__
3: # error
4: >>>>>> __GNUC__ undefined <<<<<<
5: #endif
/* end */

have_func: checking for rb_define_alloc_func()... -------------------- yes

"gcc -o conftest -I. -I/usr/local/lib/ruby/1.8/i686-linux -I.  -I/usr/local/lib/ruby/site_ruby/1.8/i686-linux  -g -O2 -Wall conftest.c  -L'.' -L'/usr/local/lib' -Wl,-R'/usr/local/lib' -L.  -rdynamic -Wl,-export-dynamic     -lruby-static  -ldl -lcrypt -lm   -lc"
conftest.c: In function ‘t’:
conftest.c:3: error: ‘rb_define_alloc_func’ undeclared (first use in this function)
conftest.c:3: error: (Each undeclared identifier is reported only once
conftest.c:3: error: for each function it appears in.)
checked program was:
/* begin */
1: /*top*/
2: int main() { return 0; }
3: int t() { void ((*volatile p)()); p = (void ((*)()))rb_define_alloc_func; return 0; }
/* end */

"gcc -o conftest -I. -I/usr/local/lib/ruby/1.8/i686-linux -I.  -I/usr/local/lib/ruby/site_ruby/1.8/i686-linux  -g -O2 -Wall conftest.c  -L'.' -L'/usr/local/lib' -Wl,-R'/usr/local/lib' -L.  -rdynamic -Wl,-export-dynamic     -lruby-static  -ldl -lcrypt -lm   -lc"
conftest.c: In function ‘t’:
conftest.c:3: warning: implicit declaration of function ‘rb_define_alloc_func’
checked program was:
/* begin */
1: /*top*/
2: int main() { return 0; }
3: int t() { rb_define_alloc_func(); return 0; }
/* end */

--------------------

have_func: checking for rb_block_proc()... -------------------- yes

"gcc -o conftest -I. -I/usr/local/lib/ruby/1.8/i686-linux -I.  -I/usr/local/lib/ruby/site_ruby/1.8/i686-linux  -g -O2 -Wall conftest.c  -L'.' -L'/usr/local/lib' -Wl,-R'/usr/local/lib' -L.  -rdynamic -Wl,-export-dynamic     -lruby-static  -ldl -lcrypt -lm   -lc"
conftest.c: In function ‘t’:
conftest.c:3: error: ‘rb_block_proc’ undeclared (first use in this function)
conftest.c:3: error: (Each undeclared identifier is reported only once
conftest.c:3: error: for each function it appears in.)
checked program was:
/* begin */
1: /*top*/
2: int main() { return 0; }
3: int t() { void ((*volatile p)()); p = (void ((*)()))rb_block_proc; return 0; }
/* end */

"gcc -o conftest -I. -I/usr/local/lib/ruby/1.8/i686-linux -I.  -I/usr/local/lib/ruby/site_ruby/1.8/i686-linux  -g -O2 -Wall conftest.c  -L'.' -L'/usr/local/lib' -Wl,-R'/usr/local/lib' -L.  -rdynamic -Wl,-export-dynamic     -lruby-static  -ldl -lcrypt -lm   -lc"
conftest.c: In function ‘t’:
conftest.c:3: warning: implicit declaration of function ‘rb_block_proc’
checked program was:
/* begin */
1: /*top*/
2: int main() { return 0; }
3: int t() { rb_block_proc(); return 0; }
/* end */

--------------------

"gcc -I. -I/usr/local/lib/ruby/1.8/i686-linux -I.  -I/usr/local/lib/ruby/site_ruby/1.8/i686-linux  -g -O2 -Wall   -c conftest.c"
checked program was:
/* begin */
1: #include "ruby.h"
2: #include "node.h"
3: int node_attrasgn = (int)NODE_ATTRASGN;
/* end */

"gcc -I. -I/usr/local/lib/ruby/1.8/i686-linux -I.  -I/usr/local/lib/ruby/site_ruby/1.8/i686-linux  -g -O2 -Wall -pthread -I/usr/include/glib-2.0 -I/usr/lib/glib-2.0/include   -I/usr/include/gtk-2.0 -I/usr/lib/gtk-2.0/include -I/usr/include/atk-1.0 -I/usr/include/cairo -I/usr/include/pango-1.0 -I/usr/include/glib-2.0 -I/usr/lib/glib-2.0/include -I/usr/include/freetype2 -I/usr/include/libpng12     -c conftest.c"
conftest.c:4:3: error: #error 
conftest.c:5: error: expected identifier or ‘(’ before ‘>>’ token
checked program was:
/* begin */
1: #include <glibconfig.h>
2: /*top*/
3: #ifndef G_PLATFORM_WIN32
4: # error
5: >>>>>> G_PLATFORM_WIN32 undefined <<<<<<
6: #endif
/* end */

have_func: checking for gtk_plug_get_type()... -------------------- yes

"gcc -o conftest -I. -I/usr/local/lib/ruby/1.8/i686-linux -I.  -I/usr/local/lib/ruby/site_ruby/1.8/i686-linux  -g -O2 -Wall -pthread -I/usr/include/glib-2.0 -I/usr/lib/glib-2.0/include   -I/usr/include/gtk-2.0 -I/usr/lib/gtk-2.0/include -I/usr/include/atk-1.0 -I/usr/include/cairo -I/usr/include/pango-1.0 -I/usr/include/glib-2.0 -I/usr/lib/glib-2.0/include -I/usr/include/freetype2 -I/usr/include/libpng12   conftest.c  -L'.' -L'/usr/local/lib' -Wl,-R'/usr/local/lib' -L.  -rdynamic -Wl,-export-dynamic -pthread      -lgthread-2.0 -lrt -lglib-2.0   -lgtk-x11-2.0 -lgdk-x11-2.0 -latk-1.0 -lgdk_pixbuf-2.0 -lm -lpangocairo-1.0 -lfontconfig -lXext -lXrender -lXinerama -lXi -lXrandr -lXcursor -lXcomposite -lXdamage -lpango-1.0 -lcairo -lX11 -lXfixes -lgobject-2.0 -lgmodule-2.0 -ldl -lglib-2.0   -lruby-static  -lgthread-2.0 -lrt -lglib-2.0   -lgtk-x11-2.0 -lgdk-x11-2.0 -latk-1.0 -lgdk_pixbuf-2.0 -lm -lpangocairo-1.0 -lfontconfig -lXext -lXrender -lXinerama -lXi -lXrandr -lXcursor -lXcomposite -lXdamage -lpango-1.0 -lcairo -lX11 -lXfixes -lgobject-2.0 -lgmodule-2.0 -ldl -lglib-2.0   -ldl -lcrypt -lm   -lc"
conftest.c: In function ‘t’:
conftest.c:3: error: ‘gtk_plug_get_type’ undeclared (first use in this function)
conftest.c:3: error: (Each undeclared identifier is reported only once
conftest.c:3: error: for each function it appears in.)
checked program was:
/* begin */
1: /*top*/
2: int main() { return 0; }
3: int t() { void ((*volatile p)()); p = (void ((*)()))gtk_plug_get_type; return 0; }
/* end */

"gcc -o conftest -I. -I/usr/local/lib/ruby/1.8/i686-linux -I.  -I/usr/local/lib/ruby/site_ruby/1.8/i686-linux  -g -O2 -Wall -pthread -I/usr/include/glib-2.0 -I/usr/lib/glib-2.0/include   -I/usr/include/gtk-2.0 -I/usr/lib/gtk-2.0/include -I/usr/include/atk-1.0 -I/usr/include/cairo -I/usr/include/pango-1.0 -I/usr/include/glib-2.0 -I/usr/lib/glib-2.0/include -I/usr/include/freetype2 -I/usr/include/libpng12   conftest.c  -L'.' -L'/usr/local/lib' -Wl,-R'/usr/local/lib' -L.  -rdynamic -Wl,-export-dynamic -pthread      -lgthread-2.0 -lrt -lglib-2.0   -lgtk-x11-2.0 -lgdk-x11-2.0 -latk-1.0 -lgdk_pixbuf-2.0 -lm -lpangocairo-1.0 -lfontconfig -lXext -lXrender -lXinerama -lXi -lXrandr -lXcursor -lXcomposite -lXdamage -lpango-1.0 -lcairo -lX11 -lXfixes -lgobject-2.0 -lgmodule-2.0 -ldl -lglib-2.0   -lruby-static  -lgthread-2.0 -lrt -lglib-2.0   -lgtk-x11-2.0 -lgdk-x11-2.0 -latk-1.0 -lgdk_pixbuf-2.0 -lm -lpangocairo-1.0 -lfontconfig -lXext -lXrender -lXinerama -lXi -lXrandr -lXcursor -lXcomposite -lXdamage -lpango-1.0 -lcairo -lX11 -lXfixes -lgobject-2.0 -lgmodule-2.0 -ldl -lglib-2.0   -ldl -lcrypt -lm   -lc"
conftest.c: In function ‘t’:
conftest.c:3: warning: implicit declaration of function ‘gtk_plug_get_type’
checked program was:
/* begin */
1: /*top*/
2: int main() { return 0; }
3: int t() { gtk_plug_get_type(); return 0; }
/* end */

--------------------

have_func: checking for gtk_socket_get_type()... -------------------- yes

"gcc -o conftest -I. -I/usr/local/lib/ruby/1.8/i686-linux -I.  -I/usr/local/lib/ruby/site_ruby/1.8/i686-linux  -g -O2 -Wall -pthread -I/usr/include/glib-2.0 -I/usr/lib/glib-2.0/include   -I/usr/include/gtk-2.0 -I/usr/lib/gtk-2.0/include -I/usr/include/atk-1.0 -I/usr/include/cairo -I/usr/include/pango-1.0 -I/usr/include/glib-2.0 -I/usr/lib/glib-2.0/include -I/usr/include/freetype2 -I/usr/include/libpng12   conftest.c  -L'.' -L'/usr/local/lib' -Wl,-R'/usr/local/lib' -L.  -rdynamic -Wl,-export-dynamic -pthread      -lgthread-2.0 -lrt -lglib-2.0   -lgtk-x11-2.0 -lgdk-x11-2.0 -latk-1.0 -lgdk_pixbuf-2.0 -lm -lpangocairo-1.0 -lfontconfig -lXext -lXrender -lXinerama -lXi -lXrandr -lXcursor -lXcomposite -lXdamage -lpango-1.0 -lcairo -lX11 -lXfixes -lgobject-2.0 -lgmodule-2.0 -ldl -lglib-2.0   -lruby-static  -lgthread-2.0 -lrt -lglib-2.0   -lgtk-x11-2.0 -lgdk-x11-2.0 -latk-1.0 -lgdk_pixbuf-2.0 -lm -lpangocairo-1.0 -lfontconfig -lXext -lXrender -lXinerama -lXi -lXrandr -lXcursor -lXcomposite -lXdamage -lpango-1.0 -lcairo -lX11 -lXfixes -lgobject-2.0 -lgmodule-2.0 -ldl -lglib-2.0   -ldl -lcrypt -lm   -lc"
conftest.c: In function ‘t’:
conftest.c:3: error: ‘gtk_socket_get_type’ undeclared (first use in this function)
conftest.c:3: error: (Each undeclared identifier is reported only once
conftest.c:3: error: for each function it appears in.)
checked program was:
/* begin */
1: /*top*/
2: int main() { return 0; }
3: int t() { void ((*volatile p)()); p = (void ((*)()))gtk_socket_get_type; return 0; }
/* end */

"gcc -o conftest -I. -I/usr/local/lib/ruby/1.8/i686-linux -I.  -I/usr/local/lib/ruby/site_ruby/1.8/i686-linux  -g -O2 -Wall -pthread -I/usr/include/glib-2.0 -I/usr/lib/glib-2.0/include   -I/usr/include/gtk-2.0 -I/usr/lib/gtk-2.0/include -I/usr/include/atk-1.0 -I/usr/include/cairo -I/usr/include/pango-1.0 -I/usr/include/glib-2.0 -I/usr/lib/glib-2.0/include -I/usr/include/freetype2 -I/usr/include/libpng12   conftest.c  -L'.' -L'/usr/local/lib' -Wl,-R'/usr/local/lib' -L.  -rdynamic -Wl,-export-dynamic -pthread      -lgthread-2.0 -lrt -lglib-2.0   -lgtk-x11-2.0 -lgdk-x11-2.0 -latk-1.0 -lgdk_pixbuf-2.0 -lm -lpangocairo-1.0 -lfontconfig -lXext -lXrender -lXinerama -lXi -lXrandr -lXcursor -lXcomposite -lXdamage -lpango-1.0 -lcairo -lX11 -lXfixes -lgobject-2.0 -lgmodule-2.0 -ldl -lglib-2.0   -lruby-static  -lgthread-2.0 -lrt -lglib-2.0   -lgtk-x11-2.0 -lgdk-x11-2.0 -latk-1.0 -lgdk_pixbuf-2.0 -lm -lpangocairo-1.0 -lfontconfig -lXext -lXrender -lXinerama -lXi -lXrandr -lXcursor -lXcomposite -lXdamage -lpango-1.0 -lcairo -lX11 -lXfixes -lgobject-2.0 -lgmodule-2.0 -ldl -lglib-2.0   -ldl -lcrypt -lm   -lc"
conftest.c: In function ‘t’:
conftest.c:3: warning: implicit declaration of function ‘gtk_socket_get_type’
checked program was:
/* begin */
1: /*top*/
2: int main() { return 0; }
3: int t() { gtk_socket_get_type(); return 0; }
/* end */

--------------------

have_func: checking for pango_render_part_get_type()... -------------------- yes

"gcc -o conftest -I. -I/usr/local/lib/ruby/1.8/i686-linux -I.  -I/usr/local/lib/ruby/site_ruby/1.8/i686-linux  -g -O2 -Wall -pthread -I/usr/include/glib-2.0 -I/usr/lib/glib-2.0/include   -I/usr/include/gtk-2.0 -I/usr/lib/gtk-2.0/include -I/usr/include/atk-1.0 -I/usr/include/cairo -I/usr/include/pango-1.0 -I/usr/include/glib-2.0 -I/usr/lib/glib-2.0/include -I/usr/include/freetype2 -I/usr/include/libpng12   conftest.c  -L'.' -L'/usr/local/lib' -Wl,-R'/usr/local/lib' -L.  -rdynamic -Wl,-export-dynamic -pthread      -lgthread-2.0 -lrt -lglib-2.0   -lgtk-x11-2.0 -lgdk-x11-2.0 -latk-1.0 -lgdk_pixbuf-2.0 -lm -lpangocairo-1.0 -lfontconfig -lXext -lXrender -lXinerama -lXi -lXrandr -lXcursor -lXcomposite -lXdamage -lpango-1.0 -lcairo -lX11 -lXfixes -lgobject-2.0 -lgmodule-2.0 -ldl -lglib-2.0   -lruby-static  -lgthread-2.0 -lrt -lglib-2.0   -lgtk-x11-2.0 -lgdk-x11-2.0 -latk-1.0 -lgdk_pixbuf-2.0 -lm -lpangocairo-1.0 -lfontconfig -lXext -lXrender -lXinerama -lXi -lXrandr -lXcursor -lXcomposite -lXdamage -lpango-1.0 -lcairo -lX11 -lXfixes -lgobject-2.0 -lgmodule-2.0 -ldl -lglib-2.0   -ldl -lcrypt -lm   -lc"
conftest.c: In function ‘t’:
conftest.c:3: error: ‘pango_render_part_get_type’ undeclared (first use in this function)
conftest.c:3: error: (Each undeclared identifier is reported only once
conftest.c:3: error: for each function it appears in.)
checked program was:
/* begin */
1: /*top*/
2: int main() { return 0; }
3: int t() { void ((*volatile p)()); p = (void ((*)()))pango_render_part_get_type; return 0; }
/* end */

"gcc -o conftest -I. -I/usr/local/lib/ruby/1.8/i686-linux -I.  -I/usr/local/lib/ruby/site_ruby/1.8/i686-linux  -g -O2 -Wall -pthread -I/usr/include/glib-2.0 -I/usr/lib/glib-2.0/include   -I/usr/include/gtk-2.0 -I/usr/lib/gtk-2.0/include -I/usr/include/atk-1.0 -I/usr/include/cairo -I/usr/include/pango-1.0 -I/usr/include/glib-2.0 -I/usr/lib/glib-2.0/include -I/usr/include/freetype2 -I/usr/include/libpng12   conftest.c  -L'.' -L'/usr/local/lib' -Wl,-R'/usr/local/lib' -L.  -rdynamic -Wl,-export-dynamic -pthread      -lgthread-2.0 -lrt -lglib-2.0   -lgtk-x11-2.0 -lgdk-x11-2.0 -latk-1.0 -lgdk_pixbuf-2.0 -lm -lpangocairo-1.0 -lfontconfig -lXext -lXrender -lXinerama -lXi -lXrandr -lXcursor -lXcomposite -lXdamage -lpango-1.0 -lcairo -lX11 -lXfixes -lgobject-2.0 -lgmodule-2.0 -ldl -lglib-2.0   -lruby-static  -lgthread-2.0 -lrt -lglib-2.0   -lgtk-x11-2.0 -lgdk-x11-2.0 -latk-1.0 -lgdk_pixbuf-2.0 -lm -lpangocairo-1.0 -lfontconfig -lXext -lXrender -lXinerama -lXi -lXrandr -lXcursor -lXcomposite -lXdamage -lpango-1.0 -lcairo -lX11 -lXfixes -lgobject-2.0 -lgmodule-2.0 -ldl -lglib-2.0   -ldl -lcrypt -lm   -lc"
conftest.c: In function ‘t’:
conftest.c:3: warning: implicit declaration of function ‘pango_render_part_get_type’
checked program was:
/* begin */
1: /*top*/
2: int main() { return 0; }
3: int t() { pango_render_part_get_type(); return 0; }
/* end */

--------------------

have_func: checking for XReadBitmapFileData()... -------------------- yes

"gcc -o conftest -I. -I/usr/local/lib/ruby/1.8/i686-linux -I.  -I/usr/local/lib/ruby/site_ruby/1.8/i686-linux  -g -O2 -Wall -pthread -I/usr/include/glib-2.0 -I/usr/lib/glib-2.0/include   -I/usr/include/gtk-2.0 -I/usr/lib/gtk-2.0/include -I/usr/include/atk-1.0 -I/usr/include/cairo -I/usr/include/pango-1.0 -I/usr/include/glib-2.0 -I/usr/lib/glib-2.0/include -I/usr/include/freetype2 -I/usr/include/libpng12   conftest.c  -L'.' -L'/usr/local/lib' -Wl,-R'/usr/local/lib' -L.  -rdynamic -Wl,-export-dynamic -pthread      -lgthread-2.0 -lrt -lglib-2.0   -lgtk-x11-2.0 -lgdk-x11-2.0 -latk-1.0 -lgdk_pixbuf-2.0 -lm -lpangocairo-1.0 -lfontconfig -lXext -lXrender -lXinerama -lXi -lXrandr -lXcursor -lXcomposite -lXdamage -lpango-1.0 -lcairo -lX11 -lXfixes -lgobject-2.0 -lgmodule-2.0 -ldl -lglib-2.0   -lruby-static  -lgthread-2.0 -lrt -lglib-2.0   -lgtk-x11-2.0 -lgdk-x11-2.0 -latk-1.0 -lgdk_pixbuf-2.0 -lm -lpangocairo-1.0 -lfontconfig -lXext -lXrender -lXinerama -lXi -lXrandr -lXcursor -lXcomposite -lXdamage -lpango-1.0 -lcairo -lX11 -lXfixes -lgobject-2.0 -lgmodule-2.0 -ldl -lglib-2.0   -ldl -lcrypt -lm   -lc"
conftest.c: In function ‘t’:
conftest.c:3: error: ‘XReadBitmapFileData’ undeclared (first use in this function)
conftest.c:3: error: (Each undeclared identifier is reported only once
conftest.c:3: error: for each function it appears in.)
checked program was:
/* begin */
1: /*top*/
2: int main() { return 0; }
3: int t() { void ((*volatile p)()); p = (void ((*)()))XReadBitmapFileData; return 0; }
/* end */

"gcc -o conftest -I. -I/usr/local/lib/ruby/1.8/i686-linux -I.  -I/usr/local/lib/ruby/site_ruby/1.8/i686-linux  -g -O2 -Wall -pthread -I/usr/include/glib-2.0 -I/usr/lib/glib-2.0/include   -I/usr/include/gtk-2.0 -I/usr/lib/gtk-2.0/include -I/usr/include/atk-1.0 -I/usr/include/cairo -I/usr/include/pango-1.0 -I/usr/include/glib-2.0 -I/usr/lib/glib-2.0/include -I/usr/include/freetype2 -I/usr/include/libpng12   conftest.c  -L'.' -L'/usr/local/lib' -Wl,-R'/usr/local/lib' -L.  -rdynamic -Wl,-export-dynamic -pthread      -lgthread-2.0 -lrt -lglib-2.0   -lgtk-x11-2.0 -lgdk-x11-2.0 -latk-1.0 -lgdk_pixbuf-2.0 -lm -lpangocairo-1.0 -lfontconfig -lXext -lXrender -lXinerama -lXi -lXrandr -lXcursor -lXcomposite -lXdamage -lpango-1.0 -lcairo -lX11 -lXfixes -lgobject-2.0 -lgmodule-2.0 -ldl -lglib-2.0   -lruby-static  -lgthread-2.0 -lrt -lglib-2.0   -lgtk-x11-2.0 -lgdk-x11-2.0 -latk-1.0 -lgdk_pixbuf-2.0 -lm -lpangocairo-1.0 -lfontconfig -lXext -lXrender -lXinerama -lXi -lXrandr -lXcursor -lXcomposite -lXdamage -lpango-1.0 -lcairo -lX11 -lXfixes -lgobject-2.0 -lgmodule-2.0 -ldl -lglib-2.0   -ldl -lcrypt -lm   -lc"
conftest.c: In function ‘t’:
conftest.c:3: warning: implicit declaration of function ‘XReadBitmapFileData’
checked program was:
/* begin */
1: /*top*/
2: int main() { return 0; }
3: int t() { XReadBitmapFileData(); return 0; }
/* end */

--------------------

have_header: checking for X11/Xlib.h... -------------------- yes

"gcc -E -I. -I/usr/local/lib/ruby/1.8/i686-linux -I.  -I/usr/local/lib/ruby/site_ruby/1.8/i686-linux  -g -O2 -Wall -pthread -I/usr/include/glib-2.0 -I/usr/lib/glib-2.0/include   -I/usr/include/gtk-2.0 -I/usr/lib/gtk-2.0/include -I/usr/include/atk-1.0 -I/usr/include/cairo -I/usr/include/pango-1.0 -I/usr/include/glib-2.0 -I/usr/lib/glib-2.0/include -I/usr/include/freetype2 -I/usr/include/libpng12    conftest.c -o conftest.i"
checked program was:
/* begin */
1: #include <X11/Xlib.h>
/* end */

--------------------

have_func: checking for XGetErrorText()... -------------------- yes

"gcc -o conftest -I. -I/usr/local/lib/ruby/1.8/i686-linux -I.  -I/usr/local/lib/ruby/site_ruby/1.8/i686-linux  -g -O2 -Wall -pthread -I/usr/include/glib-2.0 -I/usr/lib/glib-2.0/include   -I/usr/include/gtk-2.0 -I/usr/lib/gtk-2.0/include -I/usr/include/atk-1.0 -I/usr/include/cairo -I/usr/include/pango-1.0 -I/usr/include/glib-2.0 -I/usr/lib/glib-2.0/include -I/usr/include/freetype2 -I/usr/include/libpng12   conftest.c  -L'.' -L'/usr/local/lib' -Wl,-R'/usr/local/lib' -L.  -rdynamic -Wl,-export-dynamic -pthread      -lgthread-2.0 -lrt -lglib-2.0   -lgtk-x11-2.0 -lgdk-x11-2.0 -latk-1.0 -lgdk_pixbuf-2.0 -lm -lpangocairo-1.0 -lfontconfig -lXext -lXrender -lXinerama -lXi -lXrandr -lXcursor -lXcomposite -lXdamage -lpango-1.0 -lcairo -lX11 -lXfixes -lgobject-2.0 -lgmodule-2.0 -ldl -lglib-2.0   -lruby-static  -lgthread-2.0 -lrt -lglib-2.0   -lgtk-x11-2.0 -lgdk-x11-2.0 -latk-1.0 -lgdk_pixbuf-2.0 -lm -lpangocairo-1.0 -lfontconfig -lXext -lXrender -lXinerama -lXi -lXrandr -lXcursor -lXcomposite -lXdamage -lpango-1.0 -lcairo -lX11 -lXfixes -lgobject-2.0 -lgmodule-2.0 -ldl -lglib-2.0   -ldl -lcrypt -lm   -lc"
conftest.c: In function ‘t’:
conftest.c:3: error: ‘XGetErrorText’ undeclared (first use in this function)
conftest.c:3: error: (Each undeclared identifier is reported only once
conftest.c:3: error: for each function it appears in.)
checked program was:
/* begin */
1: /*top*/
2: int main() { return 0; }
3: int t() { void ((*volatile p)()); p = (void ((*)()))XGetErrorText; return 0; }
/* end */

"gcc -o conftest -I. -I/usr/local/lib/ruby/1.8/i686-linux -I.  -I/usr/local/lib/ruby/site_ruby/1.8/i686-linux  -g -O2 -Wall -pthread -I/usr/include/glib-2.0 -I/usr/lib/glib-2.0/include   -I/usr/include/gtk-2.0 -I/usr/lib/gtk-2.0/include -I/usr/include/atk-1.0 -I/usr/include/cairo -I/usr/include/pango-1.0 -I/usr/include/glib-2.0 -I/usr/lib/glib-2.0/include -I/usr/include/freetype2 -I/usr/include/libpng12   conftest.c  -L'.' -L'/usr/local/lib' -Wl,-R'/usr/local/lib' -L.  -rdynamic -Wl,-export-dynamic -pthread      -lgthread-2.0 -lrt -lglib-2.0   -lgtk-x11-2.0 -lgdk-x11-2.0 -latk-1.0 -lgdk_pixbuf-2.0 -lm -lpangocairo-1.0 -lfontconfig -lXext -lXrender -lXinerama -lXi -lXrandr -lXcursor -lXcomposite -lXdamage -lpango-1.0 -lcairo -lX11 -lXfixes -lgobject-2.0 -lgmodule-2.0 -ldl -lglib-2.0   -lruby-static  -lgthread-2.0 -lrt -lglib-2.0   -lgtk-x11-2.0 -lgdk-x11-2.0 -latk-1.0 -lgdk_pixbuf-2.0 -lm -lpangocairo-1.0 -lfontconfig -lXext -lXrender -lXinerama -lXi -lXrandr -lXcursor -lXcomposite -lXdamage -lpango-1.0 -lcairo -lX11 -lXfixes -lgobject-2.0 -lgmodule-2.0 -ldl -lglib-2.0   -ldl -lcrypt -lm   -lc"
conftest.c: In function ‘t’:
conftest.c:3: warning: implicit declaration of function ‘XGetErrorText’
checked program was:
/* begin */
1: /*top*/
2: int main() { return 0; }
3: int t() { XGetErrorText(); return 0; }
/* end */

--------------------

have_func: checking for gtk_print_unix_dialog_get_type()... -------------------- yes

"gcc -o conftest -I. -I/usr/local/lib/ruby/1.8/i686-linux -I.  -I/usr/local/lib/ruby/site_ruby/1.8/i686-linux  -g -O2 -Wall -pthread -I/usr/include/glib-2.0 -I/usr/lib/glib-2.0/include   -I/usr/include/gtk-2.0 -I/usr/lib/gtk-2.0/include -I/usr/include/atk-1.0 -I/usr/include/cairo -I/usr/include/pango-1.0 -I/usr/include/glib-2.0 -I/usr/lib/glib-2.0/include -I/usr/include/freetype2 -I/usr/include/libpng12   -I/usr/include/gtk-unix-print-2.0 -I/usr/include/gtk-2.0 -I/usr/include/atk-1.0 -I/usr/include/cairo -I/usr/lib/gtk-2.0/include -I/usr/include/pango-1.0 -I/usr/include/glib-2.0 -I/usr/lib/glib-2.0/include -I/usr/include/freetype2 -I/usr/include/libpng12   conftest.c  -L'.' -L'/usr/local/lib' -Wl,-R'/usr/local/lib' -L.  -rdynamic -Wl,-export-dynamic -pthread       -lgthread-2.0 -lrt -lglib-2.0   -lgtk-x11-2.0 -lgdk-x11-2.0 -latk-1.0 -lgdk_pixbuf-2.0 -lm -lpangocairo-1.0 -lfontconfig -lXext -lXrender -lXinerama -lXi -lXrandr -lXcursor -lXcomposite -lXdamage -lpango-1.0 -lcairo -lX11 -lXfixes -lgobject-2.0 -lgmodule-2.0 -ldl -lglib-2.0   -lgtk-x11-2.0 -lgdk-x11-2.0 -latk-1.0 -lgdk_pixbuf-2.0 -lm -lpangocairo-1.0 -lfontconfig -lXext -lXrender -lXinerama -lXi -lXrandr -lXcursor -lXcomposite -lXdamage -lpango-1.0 -lcairo -lX11 -lXfixes -lgobject-2.0 -lgmodule-2.0 -ldl -lglib-2.0   -lruby-static  -lgthread-2.0 -lrt -lglib-2.0   -lgtk-x11-2.0 -lgdk-x11-2.0 -latk-1.0 -lgdk_pixbuf-2.0 -lm -lpangocairo-1.0 -lfontconfig -lXext -lXrender -lXinerama -lXi -lXrandr -lXcursor -lXcomposite -lXdamage -lpango-1.0 -lcairo -lX11 -lXfixes -lgobject-2.0 -lgmodule-2.0 -ldl -lglib-2.0   -lgtk-x11-2.0 -lgdk-x11-2.0 -latk-1.0 -lgdk_pixbuf-2.0 -lm -lpangocairo-1.0 -lfontconfig -lXext -lXrender -lXinerama -lXi -lXrandr -lXcursor -lXcomposite -lXdamage -lpango-1.0 -lcairo -lX11 -lXfixes -lgobject-2.0 -lgmodule-2.0 -ldl -lglib-2.0   -ldl -lcrypt -lm   -lc"
conftest.c: In function ‘t’:
conftest.c:3: error: ‘gtk_print_unix_dialog_get_type’ undeclared (first use in this function)
conftest.c:3: error: (Each undeclared identifier is reported only once
conftest.c:3: error: for each function it appears in.)
checked program was:
/* begin */
1: /*top*/
2: int main() { return 0; }
3: int t() { void ((*volatile p)()); p = (void ((*)()))gtk_print_unix_dialog_get_type; return 0; }
/* end */

"gcc -o conftest -I. -I/usr/local/lib/ruby/1.8/i686-linux -I.  -I/usr/local/lib/ruby/site_ruby/1.8/i686-linux  -g -O2 -Wall -pthread -I/usr/include/glib-2.0 -I/usr/lib/glib-2.0/include   -I/usr/include/gtk-2.0 -I/usr/lib/gtk-2.0/include -I/usr/include/atk-1.0 -I/usr/include/cairo -I/usr/include/pango-1.0 -I/usr/include/glib-2.0 -I/usr/lib/glib-2.0/include -I/usr/include/freetype2 -I/usr/include/libpng12   -I/usr/include/gtk-unix-print-2.0 -I/usr/include/gtk-2.0 -I/usr/include/atk-1.0 -I/usr/include/cairo -I/usr/lib/gtk-2.0/include -I/usr/include/pango-1.0 -I/usr/include/glib-2.0 -I/usr/lib/glib-2.0/include -I/usr/include/freetype2 -I/usr/include/libpng12   conftest.c  -L'.' -L'/usr/local/lib' -Wl,-R'/usr/local/lib' -L.  -rdynamic -Wl,-export-dynamic -pthread       -lgthread-2.0 -lrt -lglib-2.0   -lgtk-x11-2.0 -lgdk-x11-2.0 -latk-1.0 -lgdk_pixbuf-2.0 -lm -lpangocairo-1.0 -lfontconfig -lXext -lXrender -lXinerama -lXi -lXrandr -lXcursor -lXcomposite -lXdamage -lpango-1.0 -lcairo -lX11 -lXfixes -lgobject-2.0 -lgmodule-2.0 -ldl -lglib-2.0   -lgtk-x11-2.0 -lgdk-x11-2.0 -latk-1.0 -lgdk_pixbuf-2.0 -lm -lpangocairo-1.0 -lfontconfig -lXext -lXrender -lXinerama -lXi -lXrandr -lXcursor -lXcomposite -lXdamage -lpango-1.0 -lcairo -lX11 -lXfixes -lgobject-2.0 -lgmodule-2.0 -ldl -lglib-2.0   -lruby-static  -lgthread-2.0 -lrt -lglib-2.0   -lgtk-x11-2.0 -lgdk-x11-2.0 -latk-1.0 -lgdk_pixbuf-2.0 -lm -lpangocairo-1.0 -lfontconfig -lXext -lXrender -lXinerama -lXi -lXrandr -lXcursor -lXcomposite -lXdamage -lpango-1.0 -lcairo -lX11 -lXfixes -lgobject-2.0 -lgmodule-2.0 -ldl -lglib-2.0   -lgtk-x11-2.0 -lgdk-x11-2.0 -latk-1.0 -lgdk_pixbuf-2.0 -lm -lpangocairo-1.0 -lfontconfig -lXext -lXrender -lXinerama -lXi -lXrandr -lXcursor -lXcomposite -lXdamage -lpango-1.0 -lcairo -lX11 -lXfixes -lgobject-2.0 -lgmodule-2.0 -ldl -lglib-2.0   -ldl -lcrypt -lm   -lc"
conftest.c: In function ‘t’:
conftest.c:3: warning: implicit declaration of function ‘gtk_print_unix_dialog_get_type’
checked program was:
/* begin */
1: /*top*/
2: int main() { return 0; }
3: int t() { gtk_print_unix_dialog_get_type(); return 0; }
/* end */

--------------------

have_func: checking for gtk_print_job_get_type()... -------------------- yes

"gcc -o conftest -I. -I/usr/local/lib/ruby/1.8/i686-linux -I.  -I/usr/local/lib/ruby/site_ruby/1.8/i686-linux  -g -O2 -Wall -pthread -I/usr/include/glib-2.0 -I/usr/lib/glib-2.0/include   -I/usr/include/gtk-2.0 -I/usr/lib/gtk-2.0/include -I/usr/include/atk-1.0 -I/usr/include/cairo -I/usr/include/pango-1.0 -I/usr/include/glib-2.0 -I/usr/lib/glib-2.0/include -I/usr/include/freetype2 -I/usr/include/libpng12   -I/usr/include/gtk-unix-print-2.0 -I/usr/include/gtk-2.0 -I/usr/include/atk-1.0 -I/usr/include/cairo -I/usr/lib/gtk-2.0/include -I/usr/include/pango-1.0 -I/usr/include/glib-2.0 -I/usr/lib/glib-2.0/include -I/usr/include/freetype2 -I/usr/include/libpng12   conftest.c  -L'.' -L'/usr/local/lib' -Wl,-R'/usr/local/lib' -L.  -rdynamic -Wl,-export-dynamic -pthread       -lgthread-2.0 -lrt -lglib-2.0   -lgtk-x11-2.0 -lgdk-x11-2.0 -latk-1.0 -lgdk_pixbuf-2.0 -lm -lpangocairo-1.0 -lfontconfig -lXext -lXrender -lXinerama -lXi -lXrandr -lXcursor -lXcomposite -lXdamage -lpango-1.0 -lcairo -lX11 -lXfixes -lgobject-2.0 -lgmodule-2.0 -ldl -lglib-2.0   -lgtk-x11-2.0 -lgdk-x11-2.0 -latk-1.0 -lgdk_pixbuf-2.0 -lm -lpangocairo-1.0 -lfontconfig -lXext -lXrender -lXinerama -lXi -lXrandr -lXcursor -lXcomposite -lXdamage -lpango-1.0 -lcairo -lX11 -lXfixes -lgobject-2.0 -lgmodule-2.0 -ldl -lglib-2.0   -lruby-static  -lgthread-2.0 -lrt -lglib-2.0   -lgtk-x11-2.0 -lgdk-x11-2.0 -latk-1.0 -lgdk_pixbuf-2.0 -lm -lpangocairo-1.0 -lfontconfig -lXext -lXrender -lXinerama -lXi -lXrandr -lXcursor -lXcomposite -lXdamage -lpango-1.0 -lcairo -lX11 -lXfixes -lgobject-2.0 -lgmodule-2.0 -ldl -lglib-2.0   -lgtk-x11-2.0 -lgdk-x11-2.0 -latk-1.0 -lgdk_pixbuf-2.0 -lm -lpangocairo-1.0 -lfontconfig -lXext -lXrender -lXinerama -lXi -lXrandr -lXcursor -lXcomposite -lXdamage -lpango-1.0 -lcairo -lX11 -lXfixes -lgobject-2.0 -lgmodule-2.0 -ldl -lglib-2.0   -ldl -lcrypt -lm   -lc"
conftest.c: In function ‘t’:
conftest.c:3: error: ‘gtk_print_job_get_type’ undeclared (first use in this function)
conftest.c:3: error: (Each undeclared identifier is reported only once
conftest.c:3: error: for each function it appears in.)
checked program was:
/* begin */
1: /*top*/
2: int main() { return 0; }
3: int t() { void ((*volatile p)()); p = (void ((*)()))gtk_print_job_get_type; return 0; }
/* end */

"gcc -o conftest -I. -I/usr/local/lib/ruby/1.8/i686-linux -I.  -I/usr/local/lib/ruby/site_ruby/1.8/i686-linux  -g -O2 -Wall -pthread -I/usr/include/glib-2.0 -I/usr/lib/glib-2.0/include   -I/usr/include/gtk-2.0 -I/usr/lib/gtk-2.0/include -I/usr/include/atk-1.0 -I/usr/include/cairo -I/usr/include/pango-1.0 -I/usr/include/glib-2.0 -I/usr/lib/glib-2.0/include -I/usr/include/freetype2 -I/usr/include/libpng12   -I/usr/include/gtk-unix-print-2.0 -I/usr/include/gtk-2.0 -I/usr/include/atk-1.0 -I/usr/include/cairo -I/usr/lib/gtk-2.0/include -I/usr/include/pango-1.0 -I/usr/include/glib-2.0 -I/usr/lib/glib-2.0/include -I/usr/include/freetype2 -I/usr/include/libpng12   conftest.c  -L'.' -L'/usr/local/lib' -Wl,-R'/usr/local/lib' -L.  -rdynamic -Wl,-export-dynamic -pthread       -lgthread-2.0 -lrt -lglib-2.0   -lgtk-x11-2.0 -lgdk-x11-2.0 -latk-1.0 -lgdk_pixbuf-2.0 -lm -lpangocairo-1.0 -lfontconfig -lXext -lXrender -lXinerama -lXi -lXrandr -lXcursor -lXcomposite -lXdamage -lpango-1.0 -lcairo -lX11 -lXfixes -lgobject-2.0 -lgmodule-2.0 -ldl -lglib-2.0   -lgtk-x11-2.0 -lgdk-x11-2.0 -latk-1.0 -lgdk_pixbuf-2.0 -lm -lpangocairo-1.0 -lfontconfig -lXext -lXrender -lXinerama -lXi -lXrandr -lXcursor -lXcomposite -lXdamage -lpango-1.0 -lcairo -lX11 -lXfixes -lgobject-2.0 -lgmodule-2.0 -ldl -lglib-2.0   -lruby-static  -lgthread-2.0 -lrt -lglib-2.0   -lgtk-x11-2.0 -lgdk-x11-2.0 -latk-1.0 -lgdk_pixbuf-2.0 -lm -lpangocairo-1.0 -lfontconfig -lXext -lXrender -lXinerama -lXi -lXrandr -lXcursor -lXcomposite -lXdamage -lpango-1.0 -lcairo -lX11 -lXfixes -lgobject-2.0 -lgmodule-2.0 -ldl -lglib-2.0   -lgtk-x11-2.0 -lgdk-x11-2.0 -latk-1.0 -lgdk_pixbuf-2.0 -lm -lpangocairo-1.0 -lfontconfig -lXext -lXrender -lXinerama -lXi -lXrandr -lXcursor -lXcomposite -lXdamage -lpango-1.0 -lcairo -lX11 -lXfixes -lgobject-2.0 -lgmodule-2.0 -ldl -lglib-2.0   -ldl -lcrypt -lm   -lc"
conftest.c: In function ‘t’:
conftest.c:3: warning: implicit declaration of function ‘gtk_print_job_get_type’
checked program was:
/* begin */
1: /*top*/
2: int main() { return 0; }
3: int t() { gtk_print_job_get_type(); return 0; }
/* end */

--------------------

have_func: checking for gtk_printer_get_type()... -------------------- yes

"gcc -o conftest -I. -I/usr/local/lib/ruby/1.8/i686-linux -I.  -I/usr/local/lib/ruby/site_ruby/1.8/i686-linux  -g -O2 -Wall -pthread -I/usr/include/glib-2.0 -I/usr/lib/glib-2.0/include   -I/usr/include/gtk-2.0 -I/usr/lib/gtk-2.0/include -I/usr/include/atk-1.0 -I/usr/include/cairo -I/usr/include/pango-1.0 -I/usr/include/glib-2.0 -I/usr/lib/glib-2.0/include -I/usr/include/freetype2 -I/usr/include/libpng12   -I/usr/include/gtk-unix-print-2.0 -I/usr/include/gtk-2.0 -I/usr/include/atk-1.0 -I/usr/include/cairo -I/usr/lib/gtk-2.0/include -I/usr/include/pango-1.0 -I/usr/include/glib-2.0 -I/usr/lib/glib-2.0/include -I/usr/include/freetype2 -I/usr/include/libpng12   conftest.c  -L'.' -L'/usr/local/lib' -Wl,-R'/usr/local/lib' -L.  -rdynamic -Wl,-export-dynamic -pthread       -lgthread-2.0 -lrt -lglib-2.0   -lgtk-x11-2.0 -lgdk-x11-2.0 -latk-1.0 -lgdk_pixbuf-2.0 -lm -lpangocairo-1.0 -lfontconfig -lXext -lXrender -lXinerama -lXi -lXrandr -lXcursor -lXcomposite -lXdamage -lpango-1.0 -lcairo -lX11 -lXfixes -lgobject-2.0 -lgmodule-2.0 -ldl -lglib-2.0   -lgtk-x11-2.0 -lgdk-x11-2.0 -latk-1.0 -lgdk_pixbuf-2.0 -lm -lpangocairo-1.0 -lfontconfig -lXext -lXrender -lXinerama -lXi -lXrandr -lXcursor -lXcomposite -lXdamage -lpango-1.0 -lcairo -lX11 -lXfixes -lgobject-2.0 -lgmodule-2.0 -ldl -lglib-2.0   -lruby-static  -lgthread-2.0 -lrt -lglib-2.0   -lgtk-x11-2.0 -lgdk-x11-2.0 -latk-1.0 -lgdk_pixbuf-2.0 -lm -lpangocairo-1.0 -lfontconfig -lXext -lXrender -lXinerama -lXi -lXrandr -lXcursor -lXcomposite -lXdamage -lpango-1.0 -lcairo -lX11 -lXfixes -lgobject-2.0 -lgmodule-2.0 -ldl -lglib-2.0   -lgtk-x11-2.0 -lgdk-x11-2.0 -latk-1.0 -lgdk_pixbuf-2.0 -lm -lpangocairo-1.0 -lfontconfig -lXext -lXrender -lXinerama -lXi -lXrandr -lXcursor -lXcomposite -lXdamage -lpango-1.0 -lcairo -lX11 -lXfixes -lgobject-2.0 -lgmodule-2.0 -ldl -lglib-2.0   -ldl -lcrypt -lm   -lc"
conftest.c: In function ‘t’:
conftest.c:3: error: ‘gtk_printer_get_type’ undeclared (first use in this function)
conftest.c:3: error: (Each undeclared identifier is reported only once
conftest.c:3: error: for each function it appears in.)
checked program was:
/* begin */
1: /*top*/
2: int main() { return 0; }
3: int t() { void ((*volatile p)()); p = (void ((*)()))gtk_printer_get_type; return 0; }
/* end */

"gcc -o conftest -I. -I/usr/local/lib/ruby/1.8/i686-linux -I.  -I/usr/local/lib/ruby/site_ruby/1.8/i686-linux  -g -O2 -Wall -pthread -I/usr/include/glib-2.0 -I/usr/lib/glib-2.0/include   -I/usr/include/gtk-2.0 -I/usr/lib/gtk-2.0/include -I/usr/include/atk-1.0 -I/usr/include/cairo -I/usr/include/pango-1.0 -I/usr/include/glib-2.0 -I/usr/lib/glib-2.0/include -I/usr/include/freetype2 -I/usr/include/libpng12   -I/usr/include/gtk-unix-print-2.0 -I/usr/include/gtk-2.0 -I/usr/include/atk-1.0 -I/usr/include/cairo -I/usr/lib/gtk-2.0/include -I/usr/include/pango-1.0 -I/usr/include/glib-2.0 -I/usr/lib/glib-2.0/include -I/usr/include/freetype2 -I/usr/include/libpng12   conftest.c  -L'.' -L'/usr/local/lib' -Wl,-R'/usr/local/lib' -L.  -rdynamic -Wl,-export-dynamic -pthread       -lgthread-2.0 -lrt -lglib-2.0   -lgtk-x11-2.0 -lgdk-x11-2.0 -latk-1.0 -lgdk_pixbuf-2.0 -lm -lpangocairo-1.0 -lfontconfig -lXext -lXrender -lXinerama -lXi -lXrandr -lXcursor -lXcomposite -lXdamage -lpango-1.0 -lcairo -lX11 -lXfixes -lgobject-2.0 -lgmodule-2.0 -ldl -lglib-2.0   -lgtk-x11-2.0 -lgdk-x11-2.0 -latk-1.0 -lgdk_pixbuf-2.0 -lm -lpangocairo-1.0 -lfontconfig -lXext -lXrender -lXinerama -lXi -lXrandr -lXcursor -lXcomposite -lXdamage -lpango-1.0 -lcairo -lX11 -lXfixes -lgobject-2.0 -lgmodule-2.0 -ldl -lglib-2.0   -lruby-static  -lgthread-2.0 -lrt -lglib-2.0   -lgtk-x11-2.0 -lgdk-x11-2.0 -latk-1.0 -lgdk_pixbuf-2.0 -lm -lpangocairo-1.0 -lfontconfig -lXext -lXrender -lXinerama -lXi -lXrandr -lXcursor -lXcomposite -lXdamage -lpango-1.0 -lcairo -lX11 -lXfixes -lgobject-2.0 -lgmodule-2.0 -ldl -lglib-2.0   -lgtk-x11-2.0 -lgdk-x11-2.0 -latk-1.0 -lgdk_pixbuf-2.0 -lm -lpangocairo-1.0 -lfontconfig -lXext -lXrender -lXinerama -lXi -lXrandr -lXcursor -lXcomposite -lXdamage -lpango-1.0 -lcairo -lX11 -lXfixes -lgobject-2.0 -lgmodule-2.0 -ldl -lglib-2.0   -ldl -lcrypt -lm   -lc"
conftest.c: In function ‘t’:
conftest.c:3: warning: implicit declaration of function ‘gtk_printer_get_type’
checked program was:
/* begin */
1: /*top*/
2: int main() { return 0; }
3: int t() { gtk_printer_get_type(); return 0; }
/* end */

--------------------

have_func: checking for gtk_page_setup_unix_get_type()... -------------------- no

"gcc -o conftest -I. -I/usr/local/lib/ruby/1.8/i686-linux -I.  -I/usr/local/lib/ruby/site_ruby/1.8/i686-linux  -g -O2 -Wall -pthread -I/usr/include/glib-2.0 -I/usr/lib/glib-2.0/include   -I/usr/include/gtk-2.0 -I/usr/lib/gtk-2.0/include -I/usr/include/atk-1.0 -I/usr/include/cairo -I/usr/include/pango-1.0 -I/usr/include/glib-2.0 -I/usr/lib/glib-2.0/include -I/usr/include/freetype2 -I/usr/include/libpng12   -I/usr/include/gtk-unix-print-2.0 -I/usr/include/gtk-2.0 -I/usr/include/atk-1.0 -I/usr/include/cairo -I/usr/lib/gtk-2.0/include -I/usr/include/pango-1.0 -I/usr/include/glib-2.0 -I/usr/lib/glib-2.0/include -I/usr/include/freetype2 -I/usr/include/libpng12   conftest.c  -L'.' -L'/usr/local/lib' -Wl,-R'/usr/local/lib' -L.  -rdynamic -Wl,-export-dynamic -pthread       -lgthread-2.0 -lrt -lglib-2.0   -lgtk-x11-2.0 -lgdk-x11-2.0 -latk-1.0 -lgdk_pixbuf-2.0 -lm -lpangocairo-1.0 -lfontconfig -lXext -lXrender -lXinerama -lXi -lXrandr -lXcursor -lXcomposite -lXdamage -lpango-1.0 -lcairo -lX11 -lXfixes -lgobject-2.0 -lgmodule-2.0 -ldl -lglib-2.0   -lgtk-x11-2.0 -lgdk-x11-2.0 -latk-1.0 -lgdk_pixbuf-2.0 -lm -lpangocairo-1.0 -lfontconfig -lXext -lXrender -lXinerama -lXi -lXrandr -lXcursor -lXcomposite -lXdamage -lpango-1.0 -lcairo -lX11 -lXfixes -lgobject-2.0 -lgmodule-2.0 -ldl -lglib-2.0   -lruby-static  -lgthread-2.0 -lrt -lglib-2.0   -lgtk-x11-2.0 -lgdk-x11-2.0 -latk-1.0 -lgdk_pixbuf-2.0 -lm -lpangocairo-1.0 -lfontconfig -lXext -lXrender -lXinerama -lXi -lXrandr -lXcursor -lXcomposite -lXdamage -lpango-1.0 -lcairo -lX11 -lXfixes -lgobject-2.0 -lgmodule-2.0 -ldl -lglib-2.0   -lgtk-x11-2.0 -lgdk-x11-2.0 -latk-1.0 -lgdk_pixbuf-2.0 -lm -lpangocairo-1.0 -lfontconfig -lXext -lXrender -lXinerama -lXi -lXrandr -lXcursor -lXcomposite -lXdamage -lpango-1.0 -lcairo -lX11 -lXfixes -lgobject-2.0 -lgmodule-2.0 -ldl -lglib-2.0   -ldl -lcrypt -lm   -lc"
conftest.c: In function ‘t’:
conftest.c:3: error: ‘gtk_page_setup_unix_get_type’ undeclared (first use in this function)
conftest.c:3: error: (Each undeclared identifier is reported only once
conftest.c:3: error: for each function it appears in.)
checked program was:
/* begin */
1: /*top*/
2: int main() { return 0; }
3: int t() { void ((*volatile p)()); p = (void ((*)()))gtk_page_setup_unix_get_type; return 0; }
/* end */

"gcc -o conftest -I. -I/usr/local/lib/ruby/1.8/i686-linux -I.  -I/usr/local/lib/ruby/site_ruby/1.8/i686-linux  -g -O2 -Wall -pthread -I/usr/include/glib-2.0 -I/usr/lib/glib-2.0/include   -I/usr/include/gtk-2.0 -I/usr/lib/gtk-2.0/include -I/usr/include/atk-1.0 -I/usr/include/cairo -I/usr/include/pango-1.0 -I/usr/include/glib-2.0 -I/usr/lib/glib-2.0/include -I/usr/include/freetype2 -I/usr/include/libpng12   -I/usr/include/gtk-unix-print-2.0 -I/usr/include/gtk-2.0 -I/usr/include/atk-1.0 -I/usr/include/cairo -I/usr/lib/gtk-2.0/include -I/usr/include/pango-1.0 -I/usr/include/glib-2.0 -I/usr/lib/glib-2.0/include -I/usr/include/freetype2 -I/usr/include/libpng12   conftest.c  -L'.' -L'/usr/local/lib' -Wl,-R'/usr/local/lib' -L.  -rdynamic -Wl,-export-dynamic -pthread       -lgthread-2.0 -lrt -lglib-2.0   -lgtk-x11-2.0 -lgdk-x11-2.0 -latk-1.0 -lgdk_pixbuf-2.0 -lm -lpangocairo-1.0 -lfontconfig -lXext -lXrender -lXinerama -lXi -lXrandr -lXcursor -lXcomposite -lXdamage -lpango-1.0 -lcairo -lX11 -lXfixes -lgobject-2.0 -lgmodule-2.0 -ldl -lglib-2.0   -lgtk-x11-2.0 -lgdk-x11-2.0 -latk-1.0 -lgdk_pixbuf-2.0 -lm -lpangocairo-1.0 -lfontconfig -lXext -lXrender -lXinerama -lXi -lXrandr -lXcursor -lXcomposite -lXdamage -lpango-1.0 -lcairo -lX11 -lXfixes -lgobject-2.0 -lgmodule-2.0 -ldl -lglib-2.0   -lruby-static  -lgthread-2.0 -lrt -lglib-2.0   -lgtk-x11-2.0 -lgdk-x11-2.0 -latk-1.0 -lgdk_pixbuf-2.0 -lm -lpangocairo-1.0 -lfontconfig -lXext -lXrender -lXinerama -lXi -lXrandr -lXcursor -lXcomposite -lXdamage -lpango-1.0 -lcairo -lX11 -lXfixes -lgobject-2.0 -lgmodule-2.0 -ldl -lglib-2.0   -lgtk-x11-2.0 -lgdk-x11-2.0 -latk-1.0 -lgdk_pixbuf-2.0 -lm -lpangocairo-1.0 -lfontconfig -lXext -lXrender -lXinerama -lXi -lXrandr -lXcursor -lXcomposite -lXdamage -lpango-1.0 -lcairo -lX11 -lXfixes -lgobject-2.0 -lgmodule-2.0 -ldl -lglib-2.0   -ldl -lcrypt -lm   -lc"
conftest.c: In function ‘t’:
conftest.c:3: warning: implicit declaration of function ‘gtk_page_setup_unix_get_type’
/tmp/ccgNXdUw.o: In function `t':
/home/hemant/swat/ext/conftest.c:3: undefined reference to `gtk_page_setup_unix_get_type'
collect2: ld returned 1 exit status
checked program was:
/* begin */
1: /*top*/
2: int main() { return 0; }
3: int t() { gtk_page_setup_unix_get_type(); return 0; }
/* end */

--------------------

have_header: checking for rb_cairo.h... -------------------- no

"gcc -E -I. -I/usr/local/lib/ruby/1.8/i686-linux -I.  -I/usr/local/lib/ruby/site_ruby/1.8/i686-linux  -g -O2 -Wall -pthread -I/usr/include/glib-2.0 -I/usr/lib/glib-2.0/include   -I/usr/include/gtk-2.0 -I/usr/lib/gtk-2.0/include -I/usr/include/atk-1.0 -I/usr/include/cairo -I/usr/include/pango-1.0 -I/usr/include/glib-2.0 -I/usr/lib/glib-2.0/include -I/usr/include/freetype2 -I/usr/include/libpng12   -I/usr/include/gtk-unix-print-2.0 -I/usr/include/gtk-2.0 -I/usr/include/atk-1.0 -I/usr/include/cairo -I/usr/lib/gtk-2.0/include -I/usr/include/pango-1.0 -I/usr/include/glib-2.0 -I/usr/lib/glib-2.0/include -I/usr/include/freetype2 -I/usr/include/libpng12   -I/usr/include/cairo -I/usr/include/freetype2 -I/usr/include/libpng12    conftest.c -o conftest.i"
conftest.c:1:22: error: rb_cairo.h: No such file or directory
checked program was:
/* begin */
1: #include <rb_cairo.h>
/* end */

--------------------

